<?xml version="1.0" encoding="UTF-8"?>
<!-- Generated by org.testng.reporters.JUnitXMLReporter -->
<testsuite hostname="DESKTOP-45P2JLI" name="Test" tests="2" failures="2" timestamp="21 Jan 2020 10:38:37 GMT" time="172.672" errors="0">
  <testcase name="runCukes" time="160.547" classname="com.w2a.cucumber.zoho.runners.LoginFeatureRunner">
    <failure type="cucumber.runtime.CucumberException" message="org.openqa.selenium.SessionNotCreatedException: Unable to create session from {
  &amp;quot;desiredCapabilities&amp;quot;: {
    &amp;quot;browserName&amp;quot;: &amp;quot;firefox&amp;quot;,
    &amp;quot;server:CONFIG_UUID&amp;quot;: &amp;quot;103e3e9b-c6ed-460b-b15f-2e6babf3a5cc&amp;quot;,
    &amp;quot;firefox_binary&amp;quot;: &amp;quot;C:\\Program Files\\Mozilla Firefox\\firefox.exe&amp;quot;,
    &amp;quot;version&amp;quot;: &amp;quot;&amp;quot;,
    &amp;quot;acceptInsecureCerts&amp;quot;: true
  },
  &amp;quot;capabilities&amp;quot;: {
    &amp;quot;firstMatch&amp;quot;: [
      {
        &amp;quot;acceptInsecureCerts&amp;quot;: true,
        &amp;quot;browserName&amp;quot;: &amp;quot;firefox&amp;quot;,
        &amp;quot;moz:firefoxOptions&amp;quot;: {
          &amp;quot;binary&amp;quot;: &amp;quot;C:\\Program Files\\Mozilla Firefox\\firefox.exe&amp;quot;
        },
        &amp;quot;server:CONFIG_UUID&amp;quot;: &amp;quot;103e3e9b-c6ed-460b-b15f-2e6babf3a5cc&amp;quot;
      }
    ]
  }
}
Build info: version: &amp;apos;3.141.59&amp;apos;, revision: &amp;apos;e82be7d358&amp;apos;, time: &amp;apos;2018-11-14T08:25:53&amp;apos;
System info: host: &amp;apos;DESKTOP-45P2JLI&amp;apos;, ip: &amp;apos;192.168.0.105&amp;apos;, os.name: &amp;apos;Windows 10&amp;apos;, os.arch: &amp;apos;amd64&amp;apos;, os.version: &amp;apos;10.0&amp;apos;, java.version: &amp;apos;1.8.0_65&amp;apos;
Driver info: driver.version: unknown
Command duration or timeout: 156.54 seconds">
      <![CDATA[cucumber.runtime.CucumberException: org.openqa.selenium.SessionNotCreatedException: Unable to create session from {
  "desiredCapabilities": {
    "browserName": "firefox",
    "server:CONFIG_UUID": "103e3e9b-c6ed-460b-b15f-2e6babf3a5cc",
    "firefox_binary": "C:\\Program Files\\Mozilla Firefox\\firefox.exe",
    "version": "",
    "acceptInsecureCerts": true
  },
  "capabilities": {
    "firstMatch": [
      {
        "acceptInsecureCerts": true,
        "browserName": "firefox",
        "moz:firefoxOptions": {
          "binary": "C:\\Program Files\\Mozilla Firefox\\firefox.exe"
        },
        "server:CONFIG_UUID": "103e3e9b-c6ed-460b-b15f-2e6babf3a5cc"
      }
    ]
  }
}
Build info: version: '3.141.59', revision: 'e82be7d358', time: '2018-11-14T08:25:53'
System info: host: 'DESKTOP-45P2JLI', ip: '192.168.0.105', os.name: 'Windows 10', os.arch: 'amd64', os.version: '10.0', java.version: '1.8.0_65'
Driver info: driver.version: unknown
Command duration or timeout: 156.54 seconds
	at cucumber.api.testng.TestNGCucumberRunner.runCukes(TestNGCucumberRunner.java:57)
	at com.w2a.cucumber.zoho.runners.LoginFeatureRunner.runCukes(LoginFeatureRunner.java:22)
	at java.util.concurrent.ThreadPoolExecutor.runWorker(ThreadPoolExecutor.java:1142)
	at java.util.concurrent.ThreadPoolExecutor$Worker.run(ThreadPoolExecutor.java:617)
	at java.lang.Thread.run(Thread.java:745)
Caused by: org.openqa.selenium.SessionNotCreatedException: Unable to create session from {
  "desiredCapabilities": {
    "browserName": "firefox",
    "server:CONFIG_UUID": "103e3e9b-c6ed-460b-b15f-2e6babf3a5cc",
    "firefox_binary": "C:\\Program Files\\Mozilla Firefox\\firefox.exe",
    "version": "",
    "acceptInsecureCerts": true
  },
  "capabilities": {
    "firstMatch": [
      {
        "acceptInsecureCerts": true,
        "browserName": "firefox",
        "moz:firefoxOptions": {
          "binary": "C:\\Program Files\\Mozilla Firefox\\firefox.exe"
        },
        "server:CONFIG_UUID": "103e3e9b-c6ed-460b-b15f-2e6babf3a5cc"
      }
    ]
  }
}
Build info: version: '3.141.59', revision: 'e82be7d358', time: '2018-11-14T08:25:53'
System info: host: 'DESKTOP-45P2JLI', ip: '192.168.0.105', os.name: 'Windows 10', os.arch: 'amd64', os.version: '10.0', java.version: '1.8.0_65'
Driver info: driver.version: unknown
Command duration or timeout: 156.54 seconds
	at org.openqa.selenium.remote.ErrorHandler.createThrowable(ErrorHandler.java:214)
	at org.openqa.selenium.remote.ErrorHandler.throwIfResponseFailed(ErrorHandler.java:166)
	at org.openqa.selenium.remote.JsonWireProtocolResponse.lambda$new$0(JsonWireProtocolResponse.java:53)
	at org.openqa.selenium.remote.JsonWireProtocolResponse.lambda$getResponseFunction$2(JsonWireProtocolResponse.java:91)
	at org.openqa.selenium.remote.ProtocolHandshake.lambda$createSession$0(ProtocolHandshake.java:122)
	at java.util.stream.ReferencePipeline$3$1.accept(ReferencePipeline.java:193)
	at java.util.Spliterators$ArraySpliterator.tryAdvance(Spliterators.java:958)
	at java.util.stream.ReferencePipeline.forEachWithCancel(ReferencePipeline.java:126)
	at java.util.stream.AbstractPipeline.copyIntoWithCancel(AbstractPipeline.java:498)
	at java.util.stream.AbstractPipeline.copyInto(AbstractPipeline.java:485)
	at java.util.stream.AbstractPipeline.wrapAndCopyInto(AbstractPipeline.java:471)
	at java.util.stream.FindOps$FindOp.evaluateSequential(FindOps.java:152)
	at java.util.stream.AbstractPipeline.evaluate(AbstractPipeline.java:234)
	at java.util.stream.ReferencePipeline.findFirst(ReferencePipeline.java:464)
	at org.openqa.selenium.remote.ProtocolHandshake.createSession(ProtocolHandshake.java:125)
	at org.openqa.selenium.remote.ProtocolHandshake.createSession(ProtocolHandshake.java:73)
	at org.openqa.selenium.remote.HttpCommandExecutor.execute(HttpCommandExecutor.java:136)
	at org.openqa.selenium.remote.RemoteWebDriver.execute(RemoteWebDriver.java:548)
	at org.openqa.selenium.remote.RemoteWebDriver.startSession(RemoteWebDriver.java:212)
	at org.openqa.selenium.remote.RemoteWebDriver.<init>(RemoteWebDriver.java:130)
	at org.openqa.selenium.remote.RemoteWebDriver.<init>(RemoteWebDriver.java:143)
	at com.w2a.cucumber.zoho.steps.BaseSteps.openBrowser(BaseSteps.java:163)
	at com.w2a.cucumber.zoho.steps.ZohoSteps.launch_browser(ZohoSteps.java:65)
	at ✽.Given launch browser 'firefox'(src/test/resources/features/login.feature:4)
Caused by: org.openqa.selenium.SessionNotCreatedException: Unable to create session from {
  "desiredCapabilities": {
    "browserName": "firefox",
    "server:CONFIG_UUID": "103e3e9b-c6ed-460b-b15f-2e6babf3a5cc",
    "firefox_binary": "C:\\Program Files\\Mozilla Firefox\\firefox.exe",
    "version": "",
    "acceptInsecureCerts": true
  },
  "capabilities": {
    "firstMatch": [
      {
        "acceptInsecureCerts": true,
        "browserName": "firefox",
        "moz:firefoxOptions": {
          "binary": "C:\\Program Files\\Mozilla Firefox\\firefox.exe"
        },
        "server:CONFIG_UUID": "103e3e9b-c6ed-460b-b15f-2e6babf3a5cc"
      }
    ]
  }
}
Build info: version: '3.141.59', revision: 'e82be7d358', time: '2018-11-14T08:25:53'
System info: host: 'DESKTOP-45P2JLI', ip: '192.168.0.105', os.name: 'Windows 10', os.arch: 'amd64', os.version: '10.0', java.version: '1.8.0_65'
Driver info: driver.version: unknown
Build info: version: '3.14.0', revision: 'aacccce0', time: '2018-08-02T20:19:58.91Z'
System info: host: 'DESKTOP-45P2JLI', ip: '192.168.0.105', os.name: 'Windows 10', os.arch: 'amd64', os.version: '10.0', java.version: '1.8.0_65'
Driver info: driver.version: unknown
	at org.openqa.selenium.remote.server.NewSessionPipeline.lambda$null$4(NewSessionPipeline.java:76)
	at java.util.Optional.orElseThrow(Unknown Source)
	at org.openqa.selenium.remote.server.NewSessionPipeline.lambda$createNewSession$5(NewSessionPipeline.java:75)
	at java.util.Optional.orElseGet(Unknown Source)
	at org.openqa.selenium.remote.server.NewSessionPipeline.createNewSession(NewSessionPipeline.java:73)
	at org.openqa.selenium.remote.server.commandhandler.BeginSession.execute(BeginSession.java:65)
	at org.openqa.selenium.remote.server.WebDriverServlet.lambda$handle$0(WebDriverServlet.java:235)
	at java.util.concurrent.Executors$RunnableAdapter.call(Unknown Source)
	at java.util.concurrent.FutureTask.run(Unknown Source)
	at java.util.concurrent.ThreadPoolExecutor.runWorker(Unknown Source)
	at java.util.concurrent.ThreadPoolExecutor$Worker.run(Unknown Source)
	at java.lang.Thread.run(Unknown Source)
... Removed 14 stack frames]]>
    </failure>
  </testcase> <!-- runCukes -->
  <testcase name="runCukes" time="172.606" classname="com.w2a.cucumber.zoho.runners.ValidateCRMFeatureRunner">
    <failure type="cucumber.runtime.CucumberException" message="org.openqa.selenium.SessionNotCreatedException: Unable to create session from {
  &amp;quot;desiredCapabilities&amp;quot;: {
    &amp;quot;browserName&amp;quot;: &amp;quot;firefox&amp;quot;,
    &amp;quot;server:CONFIG_UUID&amp;quot;: &amp;quot;103e3e9b-c6ed-460b-b15f-2e6babf3a5cc&amp;quot;,
    &amp;quot;firefox_binary&amp;quot;: &amp;quot;C:\\Program Files\\Mozilla Firefox\\firefox.exe&amp;quot;,
    &amp;quot;version&amp;quot;: &amp;quot;&amp;quot;,
    &amp;quot;acceptInsecureCerts&amp;quot;: true
  },
  &amp;quot;capabilities&amp;quot;: {
    &amp;quot;firstMatch&amp;quot;: [
      {
        &amp;quot;acceptInsecureCerts&amp;quot;: true,
        &amp;quot;browserName&amp;quot;: &amp;quot;firefox&amp;quot;,
        &amp;quot;moz:firefoxOptions&amp;quot;: {
          &amp;quot;binary&amp;quot;: &amp;quot;C:\\Program Files\\Mozilla Firefox\\firefox.exe&amp;quot;
        },
        &amp;quot;server:CONFIG_UUID&amp;quot;: &amp;quot;103e3e9b-c6ed-460b-b15f-2e6babf3a5cc&amp;quot;
      }
    ]
  }
}
Build info: version: &amp;apos;3.141.59&amp;apos;, revision: &amp;apos;e82be7d358&amp;apos;, time: &amp;apos;2018-11-14T08:25:53&amp;apos;
System info: host: &amp;apos;DESKTOP-45P2JLI&amp;apos;, ip: &amp;apos;192.168.0.105&amp;apos;, os.name: &amp;apos;Windows 10&amp;apos;, os.arch: &amp;apos;amd64&amp;apos;, os.version: &amp;apos;10.0&amp;apos;, java.version: &amp;apos;1.8.0_65&amp;apos;
Driver info: driver.version: unknown
Command duration or timeout: 156.54 seconds">
      <![CDATA[cucumber.runtime.CucumberException: org.openqa.selenium.SessionNotCreatedException: Unable to create session from {
  "desiredCapabilities": {
    "browserName": "firefox",
    "server:CONFIG_UUID": "103e3e9b-c6ed-460b-b15f-2e6babf3a5cc",
    "firefox_binary": "C:\\Program Files\\Mozilla Firefox\\firefox.exe",
    "version": "",
    "acceptInsecureCerts": true
  },
  "capabilities": {
    "firstMatch": [
      {
        "acceptInsecureCerts": true,
        "browserName": "firefox",
        "moz:firefoxOptions": {
          "binary": "C:\\Program Files\\Mozilla Firefox\\firefox.exe"
        },
        "server:CONFIG_UUID": "103e3e9b-c6ed-460b-b15f-2e6babf3a5cc"
      }
    ]
  }
}
Build info: version: '3.141.59', revision: 'e82be7d358', time: '2018-11-14T08:25:53'
System info: host: 'DESKTOP-45P2JLI', ip: '192.168.0.105', os.name: 'Windows 10', os.arch: 'amd64', os.version: '10.0', java.version: '1.8.0_65'
Driver info: driver.version: unknown
Command duration or timeout: 156.54 seconds
	at cucumber.api.testng.TestNGCucumberRunner.runCukes(TestNGCucumberRunner.java:57)
	at com.w2a.cucumber.zoho.runners.ValidateCRMFeatureRunner.runCukes(ValidateCRMFeatureRunner.java:22)
	at java.util.concurrent.ThreadPoolExecutor.runWorker(ThreadPoolExecutor.java:1142)
	at java.util.concurrent.ThreadPoolExecutor$Worker.run(ThreadPoolExecutor.java:617)
	at java.lang.Thread.run(Thread.java:745)
Caused by: org.openqa.selenium.SessionNotCreatedException: Unable to create session from {
  "desiredCapabilities": {
    "browserName": "firefox",
    "server:CONFIG_UUID": "103e3e9b-c6ed-460b-b15f-2e6babf3a5cc",
    "firefox_binary": "C:\\Program Files\\Mozilla Firefox\\firefox.exe",
    "version": "",
    "acceptInsecureCerts": true
  },
  "capabilities": {
    "firstMatch": [
      {
        "acceptInsecureCerts": true,
        "browserName": "firefox",
        "moz:firefoxOptions": {
          "binary": "C:\\Program Files\\Mozilla Firefox\\firefox.exe"
        },
        "server:CONFIG_UUID": "103e3e9b-c6ed-460b-b15f-2e6babf3a5cc"
      }
    ]
  }
}
Build info: version: '3.141.59', revision: 'e82be7d358', time: '2018-11-14T08:25:53'
System info: host: 'DESKTOP-45P2JLI', ip: '192.168.0.105', os.name: 'Windows 10', os.arch: 'amd64', os.version: '10.0', java.version: '1.8.0_65'
Driver info: driver.version: unknown
Command duration or timeout: 156.54 seconds
	at org.openqa.selenium.remote.ErrorHandler.createThrowable(ErrorHandler.java:214)
	at org.openqa.selenium.remote.ErrorHandler.throwIfResponseFailed(ErrorHandler.java:166)
	at org.openqa.selenium.remote.JsonWireProtocolResponse.lambda$new$0(JsonWireProtocolResponse.java:53)
	at org.openqa.selenium.remote.JsonWireProtocolResponse.lambda$getResponseFunction$2(JsonWireProtocolResponse.java:91)
	at org.openqa.selenium.remote.ProtocolHandshake.lambda$createSession$0(ProtocolHandshake.java:122)
	at java.util.stream.ReferencePipeline$3$1.accept(ReferencePipeline.java:193)
	at java.util.Spliterators$ArraySpliterator.tryAdvance(Spliterators.java:958)
	at java.util.stream.ReferencePipeline.forEachWithCancel(ReferencePipeline.java:126)
	at java.util.stream.AbstractPipeline.copyIntoWithCancel(AbstractPipeline.java:498)
	at java.util.stream.AbstractPipeline.copyInto(AbstractPipeline.java:485)
	at java.util.stream.AbstractPipeline.wrapAndCopyInto(AbstractPipeline.java:471)
	at java.util.stream.FindOps$FindOp.evaluateSequential(FindOps.java:152)
	at java.util.stream.AbstractPipeline.evaluate(AbstractPipeline.java:234)
	at java.util.stream.ReferencePipeline.findFirst(ReferencePipeline.java:464)
	at org.openqa.selenium.remote.ProtocolHandshake.createSession(ProtocolHandshake.java:125)
	at org.openqa.selenium.remote.ProtocolHandshake.createSession(ProtocolHandshake.java:73)
	at org.openqa.selenium.remote.HttpCommandExecutor.execute(HttpCommandExecutor.java:136)
	at org.openqa.selenium.remote.RemoteWebDriver.execute(RemoteWebDriver.java:548)
	at org.openqa.selenium.remote.RemoteWebDriver.startSession(RemoteWebDriver.java:212)
	at org.openqa.selenium.remote.RemoteWebDriver.<init>(RemoteWebDriver.java:130)
	at org.openqa.selenium.remote.RemoteWebDriver.<init>(RemoteWebDriver.java:143)
	at com.w2a.cucumber.zoho.steps.BaseSteps.openBrowser(BaseSteps.java:163)
	at com.w2a.cucumber.zoho.steps.ZohoSteps.launch_browser(ZohoSteps.java:65)
	at ✽.Given launch browser 'firefox'(src/test/resources/features/validateCRM.feature:4)
Caused by: org.openqa.selenium.SessionNotCreatedException: Unable to create session from {
  "desiredCapabilities": {
    "browserName": "firefox",
    "server:CONFIG_UUID": "103e3e9b-c6ed-460b-b15f-2e6babf3a5cc",
    "firefox_binary": "C:\\Program Files\\Mozilla Firefox\\firefox.exe",
    "version": "",
    "acceptInsecureCerts": true
  },
  "capabilities": {
    "firstMatch": [
      {
        "acceptInsecureCerts": true,
        "browserName": "firefox",
        "moz:firefoxOptions": {
          "binary": "C:\\Program Files\\Mozilla Firefox\\firefox.exe"
        },
        "server:CONFIG_UUID": "103e3e9b-c6ed-460b-b15f-2e6babf3a5cc"
      }
    ]
  }
}
Build info: version: '3.141.59', revision: 'e82be7d358', time: '2018-11-14T08:25:53'
System info: host: 'DESKTOP-45P2JLI', ip: '192.168.0.105', os.name: 'Windows 10', os.arch: 'amd64', os.version: '10.0', java.version: '1.8.0_65'
Driver info: driver.version: unknown
Build info: version: '3.14.0', revision: 'aacccce0', time: '2018-08-02T20:19:58.91Z'
System info: host: 'DESKTOP-45P2JLI', ip: '192.168.0.105', os.name: 'Windows 10', os.arch: 'amd64', os.version: '10.0', java.version: '1.8.0_65'
Driver info: driver.version: unknown
	at org.openqa.selenium.remote.server.NewSessionPipeline.lambda$null$4(NewSessionPipeline.java:76)
	at java.util.Optional.orElseThrow(Unknown Source)
	at org.openqa.selenium.remote.server.NewSessionPipeline.lambda$createNewSession$5(NewSessionPipeline.java:75)
	at java.util.Optional.orElseGet(Unknown Source)
	at org.openqa.selenium.remote.server.NewSessionPipeline.createNewSession(NewSessionPipeline.java:73)
	at org.openqa.selenium.remote.server.commandhandler.BeginSession.execute(BeginSession.java:65)
	at org.openqa.selenium.remote.server.WebDriverServlet.lambda$handle$0(WebDriverServlet.java:235)
	at java.util.concurrent.Executors$RunnableAdapter.call(Unknown Source)
	at java.util.concurrent.FutureTask.run(Unknown Source)
	at java.util.concurrent.ThreadPoolExecutor.runWorker(Unknown Source)
	at java.util.concurrent.ThreadPoolExecutor$Worker.run(Unknown Source)
	at java.lang.Thread.run(Unknown Source)
... Removed 14 stack frames]]>
    </failure>
  </testcase> <!-- runCukes -->
</testsuite> <!-- Test -->
