<?xml version="1.0" encoding="UTF-8"?>
<testsuite name="TestSuite" time="5.234" tests="2" errors="0" skipped="0" failures="2">
  <properties>
[...]
</properties>
  <testcase name="runCukes" classname="com.w2a.cucumber.zoho.runners.LoginFeatureRunner" time="2.13">
    <failure message="java.lang.Error: Unresolved compilation problems: &#10;	The method firefox() is undefined for the type DesiredCapabilities&#10;	The method chrome() is undefined for the type DesiredCapabilities&#10;	The method internetExplorer() is undefined for the type DesiredCapabilities&#10;" type="cucumber.runtime.CucumberException">cucumber.runtime.CucumberException: java.lang.Error: Unresolved compilation problems: 
	The method firefox() is undefined for the type DesiredCapabilities
	The method chrome() is undefined for the type DesiredCapabilities
	The method internetExplorer() is undefined for the type DesiredCapabilities

	at cucumber.api.testng.TestNGCucumberRunner.runCukes(TestNGCucumberRunner.java:57)
	at com.w2a.cucumber.zoho.runners.LoginFeatureRunner.runCukes(LoginFeatureRunner.java:22)
Caused by: java.lang.Error: Unresolved compilation problems: 
	The method firefox() is undefined for the type DesiredCapabilities
	The method chrome() is undefined for the type DesiredCapabilities
	The method internetExplorer() is undefined for the type DesiredCapabilities

	at com.w2a.cucumber.zoho.steps.BaseSteps.openBrowser(BaseSteps.java:145)
	at com.w2a.cucumber.zoho.steps.ZohoSteps.launch_browser(ZohoSteps.java:65)
	at ✽.Given launch browser 'firefox'(src/test/resources/features/login.feature:4)
</failure>
    <system-out><![CDATA[INFO    2020-01-21 15:54:59,626 [pool-1-thread-2] com.w2a.cucumber.zoho.steps.BaseSteps  - Config properties file loaded
INFO    2020-01-21 15:54:59,626 [pool-1-thread-1] com.w2a.cucumber.zoho.steps.BaseSteps  - Config properties file loaded

&amp#27;[31mFailed scenarios:&amp#27;[0m
&amp#27;[31msrc/test/resources/features/login.feature:3 &amp#27;[0m# Scenario: Navigate to Zoho.com in Chrome and perform login

1 Scenarios (&amp#27;[31m1 failed&amp#27;[0m)
2 Steps (&amp#27;[31m1 failed&amp#27;[0m, &amp#27;[36m1 skipped&amp#27;[0m)
0m1.487s

java.lang.Error: Unresolved compilation problems: 
	The method firefox() is undefined for the type DesiredCapabilities
	The method chrome() is undefined for the type DesiredCapabilities
	The method internetExplorer() is undefined for the type DesiredCapabilities

	at com.w2a.cucumber.zoho.steps.BaseSteps.openBrowser(BaseSteps.java:145)
	at com.w2a.cucumber.zoho.steps.ZohoSteps.launch_browser(ZohoSteps.java:65)
	at ?.Given launch browser 'firefox'(src/test/resources/features/login.feature:4)

java.lang.NullPointerException
	at com.w2a.zoho.ExtentListeners.ExtentManager.captureScreenshot(ExtentManager.java:53)
	at com.w2a.zoho.ExtentListeners.ExtentTestManager.addScreenShotsOnFailure(ExtentTestManager.java:49)
	at com.w2a.cucumber.zoho.steps.ZohoSteps.after(ZohoSteps.java:50)
	at sun.reflect.NativeMethodAccessorImpl.invoke0(Native Method)
	at sun.reflect.NativeMethodAccessorImpl.invoke(NativeMethodAccessorImpl.java:62)
	at sun.reflect.DelegatingMethodAccessorImpl.invoke(DelegatingMethodAccessorImpl.java:43)
	at java.lang.reflect.Method.invoke(Method.java:497)
	at cucumber.runtime.Utils$1.call(Utils.java:40)
	at cucumber.runtime.Timeout.timeout(Timeout.java:16)
	at cucumber.runtime.Utils.invoke(Utils.java:34)
	at cucumber.runtime.java.JavaHookDefinition.execute(JavaHookDefinition.java:60)
	at cucumber.runtime.Runtime.runHookIfTagsMatch(Runtime.java:224)
	at cucumber.runtime.Runtime.runHooks(Runtime.java:212)
	at cucumber.runtime.Runtime.runAfterHooks(Runtime.java:206)
	at cucumber.runtime.model.CucumberScenario.run(CucumberScenario.java:46)
	at cucumber.runtime.model.CucumberFeature.run(CucumberFeature.java:165)
	at cucumber.api.testng.TestNGCucumberRunner.runCukes(TestNGCucumberRunner.java:50)
	at com.w2a.cucumber.zoho.runners.LoginFeatureRunner.runCukes(LoginFeatureRunner.java:22)
	at sun.reflect.NativeMethodAccessorImpl.invoke0(Native Method)
	at sun.reflect.NativeMethodAccessorImpl.invoke(NativeMethodAccessorImpl.java:62)
	at sun.reflect.DelegatingMethodAccessorImpl.invoke(DelegatingMethodAccessorImpl.java:43)
	at java.lang.reflect.Method.invoke(Method.java:497)
	at org.testng.internal.MethodInvocationHelper.invokeMethod(MethodInvocationHelper.java:86)
	at org.testng.internal.Invoker.invokeMethod(Invoker.java:643)
	at org.testng.internal.Invoker.invokeTestMethod(Invoker.java:820)
	at org.testng.internal.Invoker.invokeTestMethods(Invoker.java:1128)
	at org.testng.internal.TestMethodWorker.invokeTestMethods(TestMethodWorker.java:129)
	at org.testng.internal.TestMethodWorker.run(TestMethodWorker.java:112)
	at java.util.concurrent.ThreadPoolExecutor.runWorker(ThreadPoolExecutor.java:1142)
	at java.util.concurrent.ThreadPoolExecutor$Worker.run(ThreadPoolExecutor.java:617)
	at java.lang.Thread.run(Thread.java:745)

]]></system-out>
  </testcase>
  <testcase name="runCukes" classname="com.w2a.cucumber.zoho.runners.ValidateCRMFeatureRunner" time="3.104">
    <failure message="java.lang.Error: Unresolved compilation problems: &#10;	The method firefox() is undefined for the type DesiredCapabilities&#10;	The method chrome() is undefined for the type DesiredCapabilities&#10;	The method internetExplorer() is undefined for the type DesiredCapabilities&#10;" type="cucumber.runtime.CucumberException">cucumber.runtime.CucumberException: java.lang.Error: Unresolved compilation problems: 
	The method firefox() is undefined for the type DesiredCapabilities
	The method chrome() is undefined for the type DesiredCapabilities
	The method internetExplorer() is undefined for the type DesiredCapabilities

	at cucumber.api.testng.TestNGCucumberRunner.runCukes(TestNGCucumberRunner.java:57)
	at com.w2a.cucumber.zoho.runners.ValidateCRMFeatureRunner.runCukes(ValidateCRMFeatureRunner.java:22)
Caused by: java.lang.Error: Unresolved compilation problems: 
	The method firefox() is undefined for the type DesiredCapabilities
	The method chrome() is undefined for the type DesiredCapabilities
	The method internetExplorer() is undefined for the type DesiredCapabilities

	at com.w2a.cucumber.zoho.steps.BaseSteps.openBrowser(BaseSteps.java:145)
	at com.w2a.cucumber.zoho.steps.ZohoSteps.launch_browser(ZohoSteps.java:65)
	at ✽.Given launch browser 'firefox'(src/test/resources/features/validateCRM.feature:4)
</failure>
    <system-out><![CDATA[INFO    2020-01-21 15:55:00,825 [pool-1-thread-2] com.w2a.cucumber.zoho.steps.BaseSteps  - Config properties file loaded

&amp#27;[31mFailed scenarios:&amp#27;[0m
&amp#27;[31msrc/test/resources/features/validateCRM.feature:9 &amp#27;[0m# Scenario Outline: Navigate to Zoho.com
&amp#27;[31msrc/test/resources/features/validateCRM.feature:10 &amp#27;[0m# Scenario Outline: Navigate to Zoho.com

2 Scenarios (&amp#27;[31m2 failed&amp#27;[0m)
4 Steps (&amp#27;[31m2 failed&amp#27;[0m, &amp#27;[36m2 skipped&amp#27;[0m)
0m2.494s

java.lang.Error: Unresolved compilation problems: 
	The method firefox() is undefined for the type DesiredCapabilities
	The method chrome() is undefined for the type DesiredCapabilities
	The method internetExplorer() is undefined for the type DesiredCapabilities

	at com.w2a.cucumber.zoho.steps.BaseSteps.openBrowser(BaseSteps.java:145)
	at com.w2a.cucumber.zoho.steps.ZohoSteps.launch_browser(ZohoSteps.java:65)
	at ?.Given launch browser 'firefox'(src/test/resources/features/validateCRM.feature:4)

java.lang.NullPointerException
	at com.w2a.zoho.ExtentListeners.ExtentManager.captureScreenshot(ExtentManager.java:53)
	at com.w2a.zoho.ExtentListeners.ExtentTestManager.addScreenShotsOnFailure(ExtentTestManager.java:49)
	at com.w2a.cucumber.zoho.steps.ZohoSteps.after(ZohoSteps.java:50)
	at sun.reflect.NativeMethodAccessorImpl.invoke0(Native Method)
	at sun.reflect.NativeMethodAccessorImpl.invoke(NativeMethodAccessorImpl.java:62)
	at sun.reflect.DelegatingMethodAccessorImpl.invoke(DelegatingMethodAccessorImpl.java:43)
	at java.lang.reflect.Method.invoke(Method.java:497)
	at cucumber.runtime.Utils$1.call(Utils.java:40)
	at cucumber.runtime.Timeout.timeout(Timeout.java:16)
	at cucumber.runtime.Utils.invoke(Utils.java:34)
	at cucumber.runtime.java.JavaHookDefinition.execute(JavaHookDefinition.java:60)
	at cucumber.runtime.Runtime.runHookIfTagsMatch(Runtime.java:224)
	at cucumber.runtime.Runtime.runHooks(Runtime.java:212)
	at cucumber.runtime.Runtime.runAfterHooks(Runtime.java:206)
	at cucumber.runtime.model.CucumberScenario.run(CucumberScenario.java:46)
	at cucumber.runtime.model.CucumberScenarioOutline.run(CucumberScenarioOutline.java:46)
	at cucumber.runtime.model.CucumberFeature.run(CucumberFeature.java:165)
	at cucumber.api.testng.TestNGCucumberRunner.runCukes(TestNGCucumberRunner.java:50)
	at com.w2a.cucumber.zoho.runners.ValidateCRMFeatureRunner.runCukes(ValidateCRMFeatureRunner.java:22)
	at sun.reflect.NativeMethodAccessorImpl.invoke0(Native Method)
	at sun.reflect.NativeMethodAccessorImpl.invoke(NativeMethodAccessorImpl.java:62)
	at sun.reflect.DelegatingMethodAccessorImpl.invoke(DelegatingMethodAccessorImpl.java:43)
	at java.lang.reflect.Method.invoke(Method.java:497)
	at org.testng.internal.MethodInvocationHelper.invokeMethod(MethodInvocationHelper.java:86)
	at org.testng.internal.Invoker.invokeMethod(Invoker.java:643)
	at org.testng.internal.Invoker.invokeTestMethod(Invoker.java:820)
	at org.testng.internal.Invoker.invokeTestMethods(Invoker.java:1128)
	at org.testng.internal.TestMethodWorker.invokeTestMethods(TestMethodWorker.java:129)
	at org.testng.internal.TestMethodWorker.run(TestMethodWorker.java:112)
	at java.util.concurrent.ThreadPoolExecutor.runWorker(ThreadPoolExecutor.java:1142)
	at java.util.concurrent.ThreadPoolExecutor$Worker.run(ThreadPoolExecutor.java:617)
	at java.lang.Thread.run(Thread.java:745)

java.lang.Error: Unresolved compilation problems: 
	The method firefox() is undefined for the type DesiredCapabilities
	The method chrome() is undefined for the type DesiredCapabilities
	The method internetExplorer() is undefined for the type DesiredCapabilities

	at com.w2a.cucumber.zoho.steps.BaseSteps.openBrowser(BaseSteps.java:145)
	at com.w2a.cucumber.zoho.steps.ZohoSteps.launch_browser(ZohoSteps.java:65)
	at ?.Given launch browser 'chrome'(src/test/resources/features/validateCRM.feature:4)

java.lang.NullPointerException
	at com.w2a.zoho.ExtentListeners.ExtentManager.captureScreenshot(ExtentManager.java:53)
	at com.w2a.zoho.ExtentListeners.ExtentTestManager.addScreenShotsOnFailure(ExtentTestManager.java:49)
	at com.w2a.cucumber.zoho.steps.ZohoSteps.after(ZohoSteps.java:50)
	at sun.reflect.NativeMethodAccessorImpl.invoke0(Native Method)
	at sun.reflect.NativeMethodAccessorImpl.invoke(NativeMethodAccessorImpl.java:62)
	at sun.reflect.DelegatingMethodAccessorImpl.invoke(DelegatingMethodAccessorImpl.java:43)
	at java.lang.reflect.Method.invoke(Method.java:497)
	at cucumber.runtime.Utils$1.call(Utils.java:40)
	at cucumber.runtime.Timeout.timeout(Timeout.java:16)
	at cucumber.runtime.Utils.invoke(Utils.java:34)
	at cucumber.runtime.java.JavaHookDefinition.execute(JavaHookDefinition.java:60)
	at cucumber.runtime.Runtime.runHookIfTagsMatch(Runtime.java:224)
	at cucumber.runtime.Runtime.runHooks(Runtime.java:212)
	at cucumber.runtime.Runtime.runAfterHooks(Runtime.java:206)
	at cucumber.runtime.model.CucumberScenario.run(CucumberScenario.java:46)
	at cucumber.runtime.model.CucumberScenarioOutline.run(CucumberScenarioOutline.java:46)
	at cucumber.runtime.model.CucumberFeature.run(CucumberFeature.java:165)
	at cucumber.api.testng.TestNGCucumberRunner.runCukes(TestNGCucumberRunner.java:50)
	at com.w2a.cucumber.zoho.runners.ValidateCRMFeatureRunner.runCukes(ValidateCRMFeatureRunner.java:22)
	at sun.reflect.NativeMethodAccessorImpl.invoke0(Native Method)
	at sun.reflect.NativeMethodAccessorImpl.invoke(NativeMethodAccessorImpl.java:62)
	at sun.reflect.DelegatingMethodAccessorImpl.invoke(DelegatingMethodAccessorImpl.java:43)
	at java.lang.reflect.Method.invoke(Method.java:497)
	at org.testng.internal.MethodInvocationHelper.invokeMethod(MethodInvocationHelper.java:86)
	at org.testng.internal.Invoker.invokeMethod(Invoker.java:643)
	at org.testng.internal.Invoker.invokeTestMethod(Invoker.java:820)
	at org.testng.internal.Invoker.invokeTestMethods(Invoker.java:1128)
	at org.testng.internal.TestMethodWorker.invokeTestMethods(TestMethodWorker.java:129)
	at org.testng.internal.TestMethodWorker.run(TestMethodWorker.java:112)
	at java.util.concurrent.ThreadPoolExecutor.runWorker(ThreadPoolExecutor.java:1142)
	at java.util.concurrent.ThreadPoolExecutor$Worker.run(ThreadPoolExecutor.java:617)
	at java.lang.Thread.run(Thread.java:745)

]]></system-out>
  </testcase>
</testsuite>